Started GET "/" for ::1 at 2018-05-08 09:58:11 -0400
DEPRECATION WARNING: ActiveRecord::Base.raise_in_transactional_callbacks= is deprecated, has no effect and will be removed without replacement. (called from block (3 levels) in <class:Railtie> at /usr/local/var/rbenv/versions/2.3.1/lib/ruby/gems/2.3.0/gems/activerecord-5.0.7/lib/active_record/railtie.rb:113)
Processing by StaticPagesController#index as HTML
  Rendering static_pages/index.html.erb within layouts/application
  Rendered shared/_sections_sidebar.html.erb (0.4ms)
  Rendered shared/_gear_dropdown.html.erb (0.6ms)
  Rendered shared/_main_nav.html.erb (26.0ms)
  Rendered shared/_masthead.html.erb (0.5ms)
  Rendered shared/_search_modal.html.erb (0.6ms)
  Rendered shared/_sections_nav.html.erb (7.9ms)
  Rendered shared/_search_modal.html.erb (0.0ms)
  Rendered shared/_main_content.html.erb (0.7ms)
  Rendered static_pages/index.html.erb within layouts/application (72.4ms)
Completed 200 OK in 1247ms (Views: 1241.4ms | ActiveRecord: 0.0ms)


Started GET "/assets/application.self-1617105cc3f9bfc3730ccd1ec981396f7a02f4f79c4e36621b93b27d194095fb.css?body=1" for ::1 at 2018-05-08 09:58:13 -0400
Started GET "/assets/AA_Times_Logo.png" for ::1 at 2018-05-08 09:58:13 -0400
Started GET "/assets/new_office.jpg" for ::1 at 2018-05-08 09:58:13 -0400
Started GET "/assets/AA_Times_Logo.png" for ::1 at 2018-05-08 09:58:13 -0400
Started GET "/assets/new_office.jpg" for ::1 at 2018-05-08 09:58:13 -0400
Started GET "/" for ::1 at 2018-05-08 09:59:59 -0400
Processing by StaticPagesController#index as HTML
  Rendering static_pages/index.html.erb within layouts/application
  Rendered shared/_sections_sidebar.html.erb (0.5ms)
  Rendered shared/_gear_dropdown.html.erb (1.2ms)
  Rendered shared/_main_nav.html.erb (12.7ms)
  Rendered shared/_masthead.html.erb (0.7ms)
  Rendered shared/_search_modal.html.erb (0.6ms)
  Rendered shared/_sections_nav.html.erb (7.8ms)
  Rendered shared/_search_modal.html.erb (0.1ms)
  Rendered shared/_main_content.html.erb (0.8ms)
  Rendered static_pages/index.html.erb within layouts/application (46.8ms)
Completed 200 OK in 111ms (Views: 106.8ms | ActiveRecord: 0.0ms)


Started GET "/assets/AA_Times_Logo.png" for ::1 at 2018-05-08 10:00:00 -0400
Started GET "/assets/new_office.jpg" for ::1 at 2018-05-08 10:00:00 -0400
Started GET "/" for ::1 at 2018-05-08 10:00:07 -0400
Processing by StaticPagesController#index as HTML
  Rendering static_pages/index.html.erb within layouts/application
  Rendered shared/_sections_sidebar.html.erb (0.3ms)
  Rendered shared/_gear_dropdown.html.erb (0.3ms)
  Rendered shared/_main_nav.html.erb (4.4ms)
  Rendered shared/_masthead.html.erb (0.3ms)
  Rendered shared/_search_modal.html.erb (0.6ms)
  Rendered shared/_sections_nav.html.erb (3.7ms)
  Rendered shared/_search_modal.html.erb (0.0ms)
  Rendered shared/_main_content.html.erb (0.5ms)
  Rendered static_pages/index.html.erb within layouts/application (19.2ms)
Completed 200 OK in 46ms (Views: 42.1ms | ActiveRecord: 0.0ms)


Started GET "/assets/AA_Times_Logo.png" for ::1 at 2018-05-08 10:00:08 -0400
Started GET "/assets/new_office.jpg" for ::1 at 2018-05-08 10:00:08 -0400
Started GET "/" for ::1 at 2018-05-08 10:01:31 -0400
Processing by StaticPagesController#index as HTML
  Rendering static_pages/index.html.erb within layouts/application
  Rendered shared/_sections_sidebar.html.erb (0.4ms)
  Rendered shared/_gear_dropdown.html.erb (0.5ms)
  Rendered shared/_main_nav.html.erb (9.5ms)
  Rendered shared/_masthead.html.erb (0.3ms)
  Rendered shared/_search_modal.html.erb (0.4ms)
  Rendered shared/_sections_nav.html.erb (5.1ms)
  Rendered shared/_search_modal.html.erb (0.0ms)
  Rendered shared/_main_content.html.erb (0.6ms)
  Rendered static_pages/index.html.erb within layouts/application (32.2ms)
Completed 200 OK in 82ms (Views: 77.9ms | ActiveRecord: 0.0ms)


Started GET "/assets/AA_Times_Logo.png" for ::1 at 2018-05-08 10:01:32 -0400
Started GET "/assets/new_office.jpg" for ::1 at 2018-05-08 10:01:32 -0400
Started GET "/" for ::1 at 2018-05-08 10:02:14 -0400
Processing by StaticPagesController#index as HTML
  Rendering static_pages/index.html.erb within layouts/application
  Rendered shared/_sections_sidebar.html.erb (0.5ms)
  Rendered shared/_gear_dropdown.html.erb (0.3ms)
  Rendered shared/_main_nav.html.erb (6.9ms)
  Rendered shared/_masthead.html.erb (0.3ms)
  Rendered shared/_search_modal.html.erb (0.2ms)
  Rendered shared/_sections_nav.html.erb (2.2ms)
  Rendered shared/_search_modal.html.erb (0.0ms)
  Rendered shared/_main_content.html.erb (1.0ms)
  Rendered static_pages/index.html.erb within layouts/application (21.9ms)
Completed 200 OK in 40ms (Views: 37.3ms | ActiveRecord: 0.0ms)


Started GET "/assets/AA_Times_Logo.png" for ::1 at 2018-05-08 10:02:14 -0400
Started GET "/assets/new_office.jpg" for ::1 at 2018-05-08 10:02:14 -0400
Started GET "/" for ::1 at 2018-05-08 10:02:17 -0400
Processing by StaticPagesController#index as HTML
  Rendering static_pages/index.html.erb within layouts/application
  Rendered shared/_sections_sidebar.html.erb (0.2ms)
  Rendered shared/_gear_dropdown.html.erb (0.3ms)
  Rendered shared/_main_nav.html.erb (4.4ms)
  Rendered shared/_masthead.html.erb (0.3ms)
  Rendered shared/_search_modal.html.erb (0.5ms)
  Rendered shared/_sections_nav.html.erb (2.9ms)
  Rendered shared/_search_modal.html.erb (0.0ms)
  Rendered shared/_main_content.html.erb (0.4ms)
  Rendered static_pages/index.html.erb within layouts/application (18.5ms)
Completed 200 OK in 36ms (Views: 34.1ms | ActiveRecord: 0.0ms)


Started GET "/assets/AA_Times_Logo.png" for ::1 at 2018-05-08 10:02:17 -0400
Started GET "/assets/new_office.jpg" for ::1 at 2018-05-08 10:02:17 -0400
Started GET "/" for ::1 at 2018-05-08 10:03:05 -0400
Processing by StaticPagesController#index as HTML
  Rendering static_pages/index.html.erb within layouts/application
  Rendered shared/_sections_sidebar.html.erb (0.4ms)
  Rendered shared/_gear_dropdown.html.erb (0.6ms)
  Rendered shared/_main_nav.html.erb (10.3ms)
  Rendered shared/_masthead.html.erb (0.6ms)
  Rendered shared/_search_modal.html.erb (0.5ms)
  Rendered shared/_sections_nav.html.erb (6.0ms)
  Rendered shared/_search_modal.html.erb (0.0ms)
  Rendered shared/_main_content.html.erb (0.6ms)
  Rendered static_pages/index.html.erb within layouts/application (37.0ms)
Completed 200 OK in 88ms (Views: 83.6ms | ActiveRecord: 0.0ms)


Started GET "/assets/AA_Times_Logo.png" for ::1 at 2018-05-08 10:03:05 -0400
Started GET "/assets/new_office.jpg" for ::1 at 2018-05-08 10:03:05 -0400
